11:18:42.396 [main] INFO  c.l.s.StockwatchApplicationTests - Starting StockwatchApplicationTests using Java 17.0.6 with PID 17288 (started by Likhith in C:\Users\Administrator\Desktop\stockwatch)
11:18:42.402 [main] DEBUG c.l.s.StockwatchApplicationTests - Running with Spring Boot v3.1.5, Spring v6.0.13
11:18:42.404 [main] INFO  c.l.s.StockwatchApplicationTests - No active profile set, falling back to 1 default profile: "default"
11:18:46.434 [main] INFO  o.s.d.r.c.RepositoryConfigurationDelegate - Bootstrapping Spring Data JPA repositories in DEFAULT mode.
11:18:46.700 [main] INFO  o.s.d.r.c.RepositoryConfigurationDelegate - Finished Spring Data repository scanning in 224 ms. Found 1 JPA repository interfaces.
11:18:48.626 [main] INFO  o.h.jpa.internal.util.LogHelper - HHH000204: Processing PersistenceUnitInfo [name: default]
11:18:48.878 [main] INFO  org.hibernate.Version - HHH000412: Hibernate ORM core version 6.2.13.Final
11:18:48.883 [main] INFO  org.hibernate.cfg.Environment - HHH000406: Using bytecode reflection optimizer
11:18:49.885 [main] INFO  o.s.o.j.p.SpringPersistenceUnitInfo - No LoadTimeWeaver setup: ignoring JPA class transformer
11:18:49.985 [main] INFO  com.zaxxer.hikari.HikariDataSource - HikariPool-1 - Starting...
11:18:50.566 [main] INFO  com.zaxxer.hikari.pool.HikariPool - HikariPool-1 - Added connection conn0: url=jdbc:h2:mem:stockmarketdetails user=ROOT
11:18:50.569 [main] INFO  com.zaxxer.hikari.HikariDataSource - HikariPool-1 - Start completed.
11:18:52.474 [main] INFO  o.h.e.t.j.p.i.JtaPlatformInitiator - HHH000489: No JTA platform available (set 'hibernate.transaction.jta.platform' to enable JTA platform integration)
11:18:52.596 [main] INFO  o.s.o.j.LocalContainerEntityManagerFactoryBean - Initialized JPA EntityManagerFactory for persistence unit 'default'
11:18:54.389 [main] WARN  o.s.b.a.o.j.JpaBaseConfiguration$JpaWebConfiguration - spring.jpa.open-in-view is enabled by default. Therefore, database queries may be performed during view rendering. Explicitly configure spring.jpa.open-in-view to disable this warning
11:18:58.009 [main] INFO  o.s.b.a.h.H2ConsoleAutoConfiguration - H2 console available at '/h2-console'. Database available at 'jdbc:h2:mem:stockmarketdetails'
11:18:59.258 [main] INFO  o.s.b.a.e.web.EndpointLinksResolver - Exposing 1 endpoint(s) beneath base path '/actuator'
11:19:00.041 [main] INFO  c.l.s.StockwatchApplicationTests - Started StockwatchApplicationTests in 18.622 seconds (process running for 22.177)
11:19:04.303 [main] INFO  o.s.t.c.s.AnnotationConfigContextLoaderUtils - Could not detect default configuration classes for test class [com.learn.stockwatch.StockWatchIntegrationTest]: StockWatchIntegrationTest does not declare any static, non-private, non-final, nested classes annotated with @Configuration.
11:19:04.358 [main] INFO  o.s.b.t.c.SpringBootTestContextBootstrapper - Found @SpringBootConfiguration com.learn.stockwatch.StockwatchApplication for test class com.learn.stockwatch.StockWatchIntegrationTest
11:19:04.401 [main] INFO  o.s.b.d.r.RestartApplicationListener - Restart disabled due to context in which it is running
11:19:04.461 [main] INFO  c.l.s.StockWatchIntegrationTest - Starting StockWatchIntegrationTest using Java 17.0.6 with PID 17288 (started by Likhith in C:\Users\Administrator\Desktop\stockwatch)
11:19:04.462 [main] DEBUG c.l.s.StockWatchIntegrationTest - Running with Spring Boot v3.1.5, Spring v6.0.13
11:19:04.463 [main] INFO  c.l.s.StockWatchIntegrationTest - No active profile set, falling back to 1 default profile: "default"
11:19:05.497 [main] INFO  o.s.d.r.c.RepositoryConfigurationDelegate - Bootstrapping Spring Data JPA repositories in DEFAULT mode.
11:19:05.523 [main] INFO  o.s.d.r.c.RepositoryConfigurationDelegate - Finished Spring Data repository scanning in 25 ms. Found 1 JPA repository interfaces.
11:19:06.133 [main] INFO  o.s.b.w.e.tomcat.TomcatWebServer - Tomcat initialized with port(s): 0 (http)
11:19:06.166 [main] INFO  o.a.catalina.core.StandardService - Starting service [Tomcat]
11:19:06.167 [main] INFO  o.a.catalina.core.StandardEngine - Starting Servlet engine: [Apache Tomcat/10.1.15]
11:19:06.531 [main] INFO  o.a.c.c.C.[Tomcat].[localhost].[/] - Initializing Spring embedded WebApplicationContext
11:19:06.532 [main] INFO  o.s.b.w.s.c.ServletWebServerApplicationContext - Root WebApplicationContext: initialization completed in 2066 ms
11:19:06.595 [main] INFO  com.zaxxer.hikari.HikariDataSource - HikariPool-2 - Starting...
11:19:06.597 [main] INFO  com.zaxxer.hikari.pool.HikariPool - HikariPool-2 - Added connection conn10: url=jdbc:h2:mem:stockmarketdetails user=ROOT
11:19:06.597 [main] INFO  com.zaxxer.hikari.HikariDataSource - HikariPool-2 - Start completed.
11:19:06.598 [main] INFO  o.s.b.a.h.H2ConsoleAutoConfiguration - H2 console available at '/h2-console'. Database available at 'jdbc:h2:mem:stockmarketdetails'
11:19:06.789 [main] INFO  o.h.jpa.internal.util.LogHelper - HHH000204: Processing PersistenceUnitInfo [name: default]
11:19:06.806 [main] INFO  o.s.o.j.p.SpringPersistenceUnitInfo - No LoadTimeWeaver setup: ignoring JPA class transformer
11:19:06.880 [main] INFO  o.h.e.t.j.p.i.JtaPlatformInitiator - HHH000489: No JTA platform available (set 'hibernate.transaction.jta.platform' to enable JTA platform integration)
11:19:06.890 [main] INFO  o.s.o.j.LocalContainerEntityManagerFactoryBean - Initialized JPA EntityManagerFactory for persistence unit 'default'
11:19:07.073 [main] WARN  o.s.b.a.o.j.JpaBaseConfiguration$JpaWebConfiguration - spring.jpa.open-in-view is enabled by default. Therefore, database queries may be performed during view rendering. Explicitly configure spring.jpa.open-in-view to disable this warning
11:19:08.479 [main] INFO  o.a.c.c.C.[Tomcat].[localhost].[/] - Initializing Spring TestDispatcherServlet ''
11:19:08.479 [main] INFO  o.s.t.w.s.TestDispatcherServlet - Initializing Servlet ''
11:19:08.487 [main] INFO  o.s.b.a.e.web.EndpointLinksResolver - Exposing 1 endpoint(s) beneath base path '/actuator'
11:19:08.495 [main] INFO  o.s.t.w.s.TestDispatcherServlet - Completed initialization in 14 ms
11:19:08.845 [main] INFO  o.s.b.w.e.tomcat.TomcatWebServer - Tomcat started on port(s): 51386 (http) with context path ''
11:19:08.861 [main] INFO  c.l.s.StockWatchIntegrationTest - Started StockWatchIntegrationTest in 4.46 seconds (process running for 30.999)
11:19:09.355 [http-nio-auto-1-exec-1] INFO  o.a.c.c.C.[Tomcat].[localhost].[/] - Initializing Spring DispatcherServlet 'dispatcherServlet'
11:19:09.355 [http-nio-auto-1-exec-1] INFO  o.s.web.servlet.DispatcherServlet - Initializing Servlet 'dispatcherServlet'
11:19:09.357 [http-nio-auto-1-exec-1] INFO  o.s.web.servlet.DispatcherServlet - Completed initialization in 2 ms
11:19:09.476 [http-nio-auto-1-exec-1] DEBUG c.l.s.c.StockWatchController - Called Post API to add Stock details for payload StockDetails(id=null, stockName=ABC INC., stockSymbol=AB, currencyType=Pound, currentPrice=400.0, highOf52weeks=301.55, lowOf52weeks=456.82)
11:19:09.483 [http-nio-auto-1-exec-1] INFO  c.l.s.c.StockWatchController -  Post API call to add Stock details for company ABC INC.
11:19:09.486 [http-nio-auto-1-exec-1] INFO  c.l.s.service.StockWatchServiceImpl - Started executing method to save data to DB
11:19:09.665 [http-nio-auto-1-exec-1] INFO  c.l.s.service.StockWatchServiceImpl - End of method execution save data to DB
11:19:09.895 [http-nio-auto-1-exec-2] INFO  c.l.s.c.StockWatchController - Called API to get stock of the company Likhith INC
11:19:09.896 [http-nio-auto-1-exec-2] INFO  c.l.s.service.StockWatchServiceImpl - Started executing method to get stock details for company Likhith INC
11:19:10.290 [http-nio-auto-1-exec-2] INFO  c.l.s.service.StockWatchServiceImpl - End of method execution to get stock details for company Likhith INC
11:19:10.413 [http-nio-auto-1-exec-3] INFO  c.l.s.c.StockWatchController - API call to get all stock details
11:19:10.413 [http-nio-auto-1-exec-3] INFO  c.l.s.service.StockWatchServiceImpl - Executing method to get stock details all company {}
11:19:10.723 [main] INFO  o.s.t.c.s.AnnotationConfigContextLoaderUtils - Could not detect default configuration classes for test class [com.learn.stockwatch.StockwatchServiceTest]: StockwatchServiceTest does not declare any static, non-private, non-final, nested classes annotated with @Configuration.
11:19:10.728 [main] INFO  o.s.b.t.c.SpringBootTestContextBootstrapper - Found @SpringBootConfiguration com.learn.stockwatch.StockwatchApplication for test class com.learn.stockwatch.StockwatchServiceTest
11:19:11.536 [main] INFO  c.l.s.service.StockWatchServiceImpl - Executing method to get stock details all company {}
11:19:11.606 [main] INFO  c.l.s.service.StockWatchServiceImpl - Started executing method to get stock details for company London Stock Exchange
11:19:11.612 [main] INFO  c.l.s.service.StockWatchServiceImpl - End of method execution to get stock details for company London Stock Exchange
11:19:11.644 [main] INFO  c.l.s.service.StockWatchServiceImpl - Started executing method to save data to DB
11:19:11.646 [main] INFO  c.l.s.service.StockWatchServiceImpl - End of method execution save data to DB
11:19:11.738 [SpringApplicationShutdownHook] INFO  o.s.o.j.LocalContainerEntityManagerFactoryBean - Closing JPA EntityManagerFactory for persistence unit 'default'
11:19:11.748 [SpringApplicationShutdownHook] INFO  com.zaxxer.hikari.HikariDataSource - HikariPool-1 - Shutdown initiated...
11:19:11.756 [SpringApplicationShutdownHook] INFO  com.zaxxer.hikari.HikariDataSource - HikariPool-1 - Shutdown completed.
11:19:11.865 [SpringApplicationShutdownHook] INFO  o.s.o.j.LocalContainerEntityManagerFactoryBean - Closing JPA EntityManagerFactory for persistence unit 'default'
11:19:11.868 [SpringApplicationShutdownHook] INFO  com.zaxxer.hikari.HikariDataSource - HikariPool-2 - Shutdown initiated...
11:19:11.870 [SpringApplicationShutdownHook] INFO  com.zaxxer.hikari.HikariDataSource - HikariPool-2 - Shutdown completed.
13:28:57.427 [main] INFO  c.l.s.StockwatchApplicationTests - Starting StockwatchApplicationTests using Java 17.0.6 with PID 16992 (started by Likhith in C:\Users\Administrator\Desktop\stockwatch)
13:28:57.434 [main] DEBUG c.l.s.StockwatchApplicationTests - Running with Spring Boot v3.1.5, Spring v6.0.13
13:28:57.436 [main] INFO  c.l.s.StockwatchApplicationTests - No active profile set, falling back to 1 default profile: "default"
13:28:59.559 [main] INFO  o.s.d.r.c.RepositoryConfigurationDelegate - Bootstrapping Spring Data JPA repositories in DEFAULT mode.
13:29:01.261 [main] INFO  o.s.d.r.c.RepositoryConfigurationDelegate - Finished Spring Data repository scanning in 1377 ms. Found 1 JPA repository interfaces.
13:29:04.661 [main] INFO  o.h.jpa.internal.util.LogHelper - HHH000204: Processing PersistenceUnitInfo [name: default]
13:29:04.885 [main] INFO  org.hibernate.Version - HHH000412: Hibernate ORM core version 6.2.13.Final
13:29:04.891 [main] INFO  org.hibernate.cfg.Environment - HHH000406: Using bytecode reflection optimizer
13:29:06.124 [main] INFO  o.s.o.j.p.SpringPersistenceUnitInfo - No LoadTimeWeaver setup: ignoring JPA class transformer
13:29:06.187 [main] INFO  com.zaxxer.hikari.HikariDataSource - HikariPool-1 - Starting...
13:29:06.868 [main] INFO  com.zaxxer.hikari.pool.HikariPool - HikariPool-1 - Added connection conn0: url=jdbc:h2:mem:stockmarketdetails user=ROOT
13:29:06.873 [main] INFO  com.zaxxer.hikari.HikariDataSource - HikariPool-1 - Start completed.
13:29:09.335 [main] INFO  o.h.e.t.j.p.i.JtaPlatformInitiator - HHH000489: No JTA platform available (set 'hibernate.transaction.jta.platform' to enable JTA platform integration)
13:29:09.467 [main] INFO  o.s.o.j.LocalContainerEntityManagerFactoryBean - Initialized JPA EntityManagerFactory for persistence unit 'default'
13:29:11.399 [main] WARN  o.s.b.a.o.j.JpaBaseConfiguration$JpaWebConfiguration - spring.jpa.open-in-view is enabled by default. Therefore, database queries may be performed during view rendering. Explicitly configure spring.jpa.open-in-view to disable this warning
13:29:15.161 [main] INFO  o.s.b.a.h.H2ConsoleAutoConfiguration - H2 console available at '/h2-console'. Database available at 'jdbc:h2:mem:stockmarketdetails'
13:29:16.011 [main] INFO  o.s.b.a.e.web.EndpointLinksResolver - Exposing 1 endpoint(s) beneath base path '/actuator'
13:29:16.232 [main] INFO  c.l.s.StockwatchApplicationTests - Started StockwatchApplicationTests in 19.424 seconds (process running for 21.834)
13:29:18.278 [main] INFO  o.s.t.c.s.AnnotationConfigContextLoaderUtils - Could not detect default configuration classes for test class [com.learn.stockwatch.StockWatchIntegrationTest]: StockWatchIntegrationTest does not declare any static, non-private, non-final, nested classes annotated with @Configuration.
13:29:18.317 [main] INFO  o.s.b.t.c.SpringBootTestContextBootstrapper - Found @SpringBootConfiguration com.learn.stockwatch.StockwatchApplication for test class com.learn.stockwatch.StockWatchIntegrationTest
13:29:18.374 [main] INFO  o.s.b.d.r.RestartApplicationListener - Restart disabled due to context in which it is running
13:29:18.477 [main] INFO  c.l.s.StockWatchIntegrationTest - Starting StockWatchIntegrationTest using Java 17.0.6 with PID 16992 (started by Likhith in C:\Users\Administrator\Desktop\stockwatch)
13:29:18.478 [main] DEBUG c.l.s.StockWatchIntegrationTest - Running with Spring Boot v3.1.5, Spring v6.0.13
13:29:18.479 [main] INFO  c.l.s.StockWatchIntegrationTest - No active profile set, falling back to 1 default profile: "default"
13:29:19.479 [main] INFO  o.s.d.r.c.RepositoryConfigurationDelegate - Bootstrapping Spring Data JPA repositories in DEFAULT mode.
13:29:19.514 [main] INFO  o.s.d.r.c.RepositoryConfigurationDelegate - Finished Spring Data repository scanning in 34 ms. Found 1 JPA repository interfaces.
13:29:20.092 [main] INFO  o.s.b.w.e.tomcat.TomcatWebServer - Tomcat initialized with port(s): 0 (http)
13:29:20.116 [main] INFO  o.a.catalina.core.StandardService - Starting service [Tomcat]
13:29:20.117 [main] INFO  o.a.catalina.core.StandardEngine - Starting Servlet engine: [Apache Tomcat/10.1.15]
13:29:20.549 [main] INFO  o.a.c.c.C.[Tomcat].[localhost].[/] - Initializing Spring embedded WebApplicationContext
13:29:20.551 [main] INFO  o.s.b.w.s.c.ServletWebServerApplicationContext - Root WebApplicationContext: initialization completed in 2066 ms
13:29:20.632 [main] INFO  com.zaxxer.hikari.HikariDataSource - HikariPool-2 - Starting...
13:29:20.636 [main] INFO  com.zaxxer.hikari.pool.HikariPool - HikariPool-2 - Added connection conn10: url=jdbc:h2:mem:stockmarketdetails user=ROOT
13:29:20.636 [main] INFO  com.zaxxer.hikari.HikariDataSource - HikariPool-2 - Start completed.
13:29:20.637 [main] INFO  o.s.b.a.h.H2ConsoleAutoConfiguration - H2 console available at '/h2-console'. Database available at 'jdbc:h2:mem:stockmarketdetails'
13:29:20.868 [main] INFO  o.h.jpa.internal.util.LogHelper - HHH000204: Processing PersistenceUnitInfo [name: default]
13:29:20.893 [main] INFO  o.s.o.j.p.SpringPersistenceUnitInfo - No LoadTimeWeaver setup: ignoring JPA class transformer
13:29:21.005 [main] INFO  o.h.e.t.j.p.i.JtaPlatformInitiator - HHH000489: No JTA platform available (set 'hibernate.transaction.jta.platform' to enable JTA platform integration)
13:29:21.018 [main] INFO  o.s.o.j.LocalContainerEntityManagerFactoryBean - Initialized JPA EntityManagerFactory for persistence unit 'default'
13:29:21.209 [main] WARN  o.s.b.a.o.j.JpaBaseConfiguration$JpaWebConfiguration - spring.jpa.open-in-view is enabled by default. Therefore, database queries may be performed during view rendering. Explicitly configure spring.jpa.open-in-view to disable this warning
13:29:23.042 [main] INFO  o.a.c.c.C.[Tomcat].[localhost].[/] - Initializing Spring TestDispatcherServlet ''
13:29:23.043 [main] INFO  o.s.t.w.s.TestDispatcherServlet - Initializing Servlet ''
13:29:23.054 [main] INFO  o.s.b.a.e.web.EndpointLinksResolver - Exposing 1 endpoint(s) beneath base path '/actuator'
13:29:23.069 [main] INFO  o.s.t.w.s.TestDispatcherServlet - Completed initialization in 26 ms
13:29:23.236 [main] INFO  o.s.b.w.e.tomcat.TomcatWebServer - Tomcat started on port(s): 54518 (http) with context path ''
13:29:23.264 [main] INFO  c.l.s.StockWatchIntegrationTest - Started StockWatchIntegrationTest in 4.89 seconds (process running for 28.867)
13:29:23.843 [http-nio-auto-1-exec-1] INFO  o.a.c.c.C.[Tomcat].[localhost].[/] - Initializing Spring DispatcherServlet 'dispatcherServlet'
13:29:23.844 [http-nio-auto-1-exec-1] INFO  o.s.web.servlet.DispatcherServlet - Initializing Servlet 'dispatcherServlet'
13:29:23.847 [http-nio-auto-1-exec-1] INFO  o.s.web.servlet.DispatcherServlet - Completed initialization in 3 ms
13:29:23.997 [http-nio-auto-1-exec-1] DEBUG c.l.s.c.StockWatchController - Called Post API to add Stock details for payload StockDetails(id=null, stockName=ABC INC., stockSymbol=AB, currencyType=Pound, currentPrice=400.0, highOf52weeks=301.55, lowOf52weeks=456.82)
13:29:24.011 [http-nio-auto-1-exec-1] INFO  c.l.s.c.StockWatchController -  Post API call to add Stock details for company ABC INC.
13:29:24.015 [http-nio-auto-1-exec-1] INFO  c.l.s.service.StockWatchServiceImpl - Started executing method to save data to DB
13:29:24.355 [http-nio-auto-1-exec-1] INFO  c.l.s.service.StockWatchServiceImpl - End of method execution save data to DB
13:29:24.569 [http-nio-auto-1-exec-2] INFO  c.l.s.c.StockWatchController - Called API to get stock of the company Likhith INC
13:29:24.570 [http-nio-auto-1-exec-2] INFO  c.l.s.service.StockWatchServiceImpl - Started executing method to get stock details for company Likhith INC
13:29:25.002 [http-nio-auto-1-exec-2] INFO  c.l.s.service.StockWatchServiceImpl - End of method execution to get stock details for company Likhith INC
13:29:25.180 [http-nio-auto-1-exec-3] INFO  c.l.s.c.StockWatchController - API call to get all stock details
13:29:25.180 [http-nio-auto-1-exec-3] INFO  c.l.s.service.StockWatchServiceImpl - Executing method to get stock details all company {}
13:29:25.597 [main] INFO  o.s.t.c.s.AnnotationConfigContextLoaderUtils - Could not detect default configuration classes for test class [com.learn.stockwatch.StockwatchServiceTest]: StockwatchServiceTest does not declare any static, non-private, non-final, nested classes annotated with @Configuration.
13:29:25.602 [main] INFO  o.s.b.t.c.SpringBootTestContextBootstrapper - Found @SpringBootConfiguration com.learn.stockwatch.StockwatchApplication for test class com.learn.stockwatch.StockwatchServiceTest
13:29:26.396 [main] INFO  c.l.s.service.StockWatchServiceImpl - Executing method to get stock details all company {}
13:29:26.510 [main] INFO  c.l.s.service.StockWatchServiceImpl - Started executing method to get stock details for company London Stock Exchange
13:29:26.517 [main] INFO  c.l.s.service.StockWatchServiceImpl - End of method execution to get stock details for company London Stock Exchange
13:29:26.570 [main] INFO  c.l.s.service.StockWatchServiceImpl - Started executing method to save data to DB
13:29:26.572 [main] INFO  c.l.s.service.StockWatchServiceImpl - End of method execution save data to DB
13:29:26.667 [SpringApplicationShutdownHook] INFO  o.s.o.j.LocalContainerEntityManagerFactoryBean - Closing JPA EntityManagerFactory for persistence unit 'default'
13:29:26.677 [SpringApplicationShutdownHook] INFO  com.zaxxer.hikari.HikariDataSource - HikariPool-1 - Shutdown initiated...
13:29:26.684 [SpringApplicationShutdownHook] INFO  com.zaxxer.hikari.HikariDataSource - HikariPool-1 - Shutdown completed.
13:29:26.824 [SpringApplicationShutdownHook] INFO  o.s.o.j.LocalContainerEntityManagerFactoryBean - Closing JPA EntityManagerFactory for persistence unit 'default'
13:29:26.827 [SpringApplicationShutdownHook] INFO  com.zaxxer.hikari.HikariDataSource - HikariPool-2 - Shutdown initiated...
13:29:26.835 [SpringApplicationShutdownHook] INFO  com.zaxxer.hikari.HikariDataSource - HikariPool-2 - Shutdown completed.
18:10:09.511 [main] INFO  c.l.s.StockwatchApplicationTests - Starting StockwatchApplicationTests using Java 17.0.6 with PID 14216 (started by Likhith in C:\Users\Administrator\Desktop\stockwatch)
18:10:09.523 [main] DEBUG c.l.s.StockwatchApplicationTests - Running with Spring Boot v3.1.5, Spring v6.0.13
18:10:09.524 [main] INFO  c.l.s.StockwatchApplicationTests - No active profile set, falling back to 1 default profile: "default"
18:10:11.390 [main] INFO  o.s.d.r.c.RepositoryConfigurationDelegate - Bootstrapping Spring Data JPA repositories in DEFAULT mode.
18:10:11.502 [main] INFO  o.s.d.r.c.RepositoryConfigurationDelegate - Finished Spring Data repository scanning in 92 ms. Found 1 JPA repository interfaces.
18:10:12.388 [main] INFO  o.h.jpa.internal.util.LogHelper - HHH000204: Processing PersistenceUnitInfo [name: default]
18:10:12.526 [main] INFO  org.hibernate.Version - HHH000412: Hibernate ORM core version 6.2.13.Final
18:10:12.530 [main] INFO  org.hibernate.cfg.Environment - HHH000406: Using bytecode reflection optimizer
18:10:13.234 [main] INFO  o.s.o.j.p.SpringPersistenceUnitInfo - No LoadTimeWeaver setup: ignoring JPA class transformer
18:10:13.279 [main] INFO  com.zaxxer.hikari.HikariDataSource - HikariPool-1 - Starting...
18:10:13.747 [main] INFO  com.zaxxer.hikari.pool.HikariPool - HikariPool-1 - Added connection conn0: url=jdbc:h2:mem:stockmarketdetails user=ROOT
18:10:13.749 [main] INFO  com.zaxxer.hikari.HikariDataSource - HikariPool-1 - Start completed.
18:10:14.841 [main] INFO  o.h.e.t.j.p.i.JtaPlatformInitiator - HHH000489: No JTA platform available (set 'hibernate.transaction.jta.platform' to enable JTA platform integration)
18:10:14.949 [main] INFO  o.s.o.j.LocalContainerEntityManagerFactoryBean - Initialized JPA EntityManagerFactory for persistence unit 'default'
18:10:15.825 [main] WARN  o.s.b.a.o.j.JpaBaseConfiguration$JpaWebConfiguration - spring.jpa.open-in-view is enabled by default. Therefore, database queries may be performed during view rendering. Explicitly configure spring.jpa.open-in-view to disable this warning
18:10:17.827 [main] INFO  o.s.b.a.h.H2ConsoleAutoConfiguration - H2 console available at '/h2-console'. Database available at 'jdbc:h2:mem:stockmarketdetails'
18:10:18.328 [main] INFO  o.s.b.a.e.web.EndpointLinksResolver - Exposing 1 endpoint(s) beneath base path '/actuator'
18:10:18.460 [main] INFO  c.l.s.StockwatchApplicationTests - Started StockwatchApplicationTests in 9.486 seconds (process running for 11.596)
18:10:21.447 [main] INFO  o.s.t.c.s.AnnotationConfigContextLoaderUtils - Could not detect default configuration classes for test class [com.learn.stockwatch.StockWatchIntegrationTest]: StockWatchIntegrationTest does not declare any static, non-private, non-final, nested classes annotated with @Configuration.
18:10:21.467 [main] INFO  o.s.b.t.c.SpringBootTestContextBootstrapper - Found @SpringBootConfiguration com.learn.stockwatch.StockwatchApplication for test class com.learn.stockwatch.StockWatchIntegrationTest
18:10:21.497 [main] INFO  o.s.b.d.r.RestartApplicationListener - Restart disabled due to context in which it is running
18:10:21.553 [main] INFO  c.l.s.StockWatchIntegrationTest - Starting StockWatchIntegrationTest using Java 17.0.6 with PID 14216 (started by Likhith in C:\Users\Administrator\Desktop\stockwatch)
18:10:21.553 [main] DEBUG c.l.s.StockWatchIntegrationTest - Running with Spring Boot v3.1.5, Spring v6.0.13
18:10:21.554 [main] INFO  c.l.s.StockWatchIntegrationTest - No active profile set, falling back to 1 default profile: "default"
18:10:21.956 [main] INFO  o.s.d.r.c.RepositoryConfigurationDelegate - Bootstrapping Spring Data JPA repositories in DEFAULT mode.
18:10:21.974 [main] INFO  o.s.d.r.c.RepositoryConfigurationDelegate - Finished Spring Data repository scanning in 17 ms. Found 1 JPA repository interfaces.
18:10:22.415 [main] INFO  o.s.b.w.e.tomcat.TomcatWebServer - Tomcat initialized with port(s): 0 (http)
18:10:22.433 [main] INFO  o.a.catalina.core.StandardService - Starting service [Tomcat]
18:10:22.433 [main] INFO  o.a.catalina.core.StandardEngine - Starting Servlet engine: [Apache Tomcat/10.1.15]
18:10:22.649 [main] INFO  o.a.c.c.C.[Tomcat].[localhost].[/] - Initializing Spring embedded WebApplicationContext
18:10:22.649 [main] INFO  o.s.b.w.s.c.ServletWebServerApplicationContext - Root WebApplicationContext: initialization completed in 1092 ms
18:10:22.687 [main] INFO  com.zaxxer.hikari.HikariDataSource - HikariPool-2 - Starting...
18:10:22.688 [main] INFO  com.zaxxer.hikari.pool.HikariPool - HikariPool-2 - Added connection conn10: url=jdbc:h2:mem:stockmarketdetails user=ROOT
18:10:22.688 [main] INFO  com.zaxxer.hikari.HikariDataSource - HikariPool-2 - Start completed.
18:10:22.688 [main] INFO  o.s.b.a.h.H2ConsoleAutoConfiguration - H2 console available at '/h2-console'. Database available at 'jdbc:h2:mem:stockmarketdetails'
18:10:22.795 [main] INFO  o.h.jpa.internal.util.LogHelper - HHH000204: Processing PersistenceUnitInfo [name: default]
18:10:22.803 [main] INFO  o.s.o.j.p.SpringPersistenceUnitInfo - No LoadTimeWeaver setup: ignoring JPA class transformer
18:10:22.841 [main] INFO  o.h.e.t.j.p.i.JtaPlatformInitiator - HHH000489: No JTA platform available (set 'hibernate.transaction.jta.platform' to enable JTA platform integration)
18:10:22.847 [main] INFO  o.s.o.j.LocalContainerEntityManagerFactoryBean - Initialized JPA EntityManagerFactory for persistence unit 'default'
18:10:22.948 [main] WARN  o.s.b.a.o.j.JpaBaseConfiguration$JpaWebConfiguration - spring.jpa.open-in-view is enabled by default. Therefore, database queries may be performed during view rendering. Explicitly configure spring.jpa.open-in-view to disable this warning
18:10:24.209 [main] INFO  o.a.c.c.C.[Tomcat].[localhost].[/] - Initializing Spring TestDispatcherServlet ''
18:10:24.210 [main] INFO  o.s.t.w.s.TestDispatcherServlet - Initializing Servlet ''
18:10:24.216 [main] INFO  o.s.b.a.e.web.EndpointLinksResolver - Exposing 1 endpoint(s) beneath base path '/actuator'
18:10:24.226 [main] INFO  o.s.t.w.s.TestDispatcherServlet - Completed initialization in 16 ms
18:10:24.395 [main] INFO  o.s.b.w.e.tomcat.TomcatWebServer - Tomcat started on port(s): 50799 (http) with context path ''
18:10:24.415 [main] INFO  c.l.s.StockWatchIntegrationTest - Started StockWatchIntegrationTest in 2.918 seconds (process running for 17.553)
18:10:24.738 [http-nio-auto-1-exec-1] INFO  o.a.c.c.C.[Tomcat].[localhost].[/] - Initializing Spring DispatcherServlet 'dispatcherServlet'
18:10:24.739 [http-nio-auto-1-exec-1] INFO  o.s.web.servlet.DispatcherServlet - Initializing Servlet 'dispatcherServlet'
18:10:24.740 [http-nio-auto-1-exec-1] INFO  o.s.web.servlet.DispatcherServlet - Completed initialization in 1 ms
18:10:24.801 [http-nio-auto-1-exec-1] DEBUG c.l.s.c.StockWatchController - Called Post API to add Stock details for payload StockDetails(id=null, stockName=ABC INC., stockSymbol=AB, currencyType=Pound, currentPrice=400.0, highOf52weeks=301.55, lowOf52weeks=456.82)
18:10:24.807 [http-nio-auto-1-exec-1] INFO  c.l.s.c.StockWatchController -  Post API call to add Stock details for company ABC INC.
18:10:24.807 [http-nio-auto-1-exec-1] INFO  c.l.s.service.StockWatchServiceImpl - Started executing method to save data to DB
18:10:24.926 [http-nio-auto-1-exec-1] INFO  c.l.s.service.StockWatchServiceImpl - End of method execution save data to DB
18:10:25.017 [http-nio-auto-1-exec-2] INFO  c.l.s.c.StockWatchController - Called API to get stock of the company Likhith INC
18:10:25.017 [http-nio-auto-1-exec-2] INFO  c.l.s.service.StockWatchServiceImpl - Started executing method to get stock details for company Likhith INC
18:10:25.235 [http-nio-auto-1-exec-2] INFO  c.l.s.service.StockWatchServiceImpl - End of method execution to get stock details for company Likhith INC
18:10:25.320 [http-nio-auto-1-exec-3] INFO  c.l.s.c.StockWatchController - API call to get all stock details
18:10:25.320 [http-nio-auto-1-exec-3] INFO  c.l.s.service.StockWatchServiceImpl - Executing method to get stock details all company {}
18:10:25.560 [main] INFO  o.s.t.c.s.AnnotationConfigContextLoaderUtils - Could not detect default configuration classes for test class [com.learn.stockwatch.StockwatchServiceTest]: StockwatchServiceTest does not declare any static, non-private, non-final, nested classes annotated with @Configuration.
18:10:25.565 [main] INFO  o.s.b.t.c.SpringBootTestContextBootstrapper - Found @SpringBootConfiguration com.learn.stockwatch.StockwatchApplication for test class com.learn.stockwatch.StockwatchServiceTest
18:10:26.178 [main] INFO  c.l.s.service.StockWatchServiceImpl - Executing method to get stock details all company {}
18:10:26.227 [main] INFO  c.l.s.service.StockWatchServiceImpl - Started executing method to get stock details for company London Stock Exchange
18:10:26.231 [main] INFO  c.l.s.service.StockWatchServiceImpl - End of method execution to get stock details for company London Stock Exchange
18:10:26.257 [main] INFO  c.l.s.service.StockWatchServiceImpl - Started executing method to save data to DB
18:10:26.257 [main] INFO  c.l.s.service.StockWatchServiceImpl - End of method execution save data to DB
18:10:26.333 [SpringApplicationShutdownHook] INFO  o.s.o.j.LocalContainerEntityManagerFactoryBean - Closing JPA EntityManagerFactory for persistence unit 'default'
18:10:26.339 [SpringApplicationShutdownHook] INFO  com.zaxxer.hikari.HikariDataSource - HikariPool-1 - Shutdown initiated...
18:10:26.344 [SpringApplicationShutdownHook] INFO  com.zaxxer.hikari.HikariDataSource - HikariPool-1 - Shutdown completed.
18:10:26.436 [SpringApplicationShutdownHook] INFO  o.s.o.j.LocalContainerEntityManagerFactoryBean - Closing JPA EntityManagerFactory for persistence unit 'default'
18:10:26.438 [SpringApplicationShutdownHook] INFO  com.zaxxer.hikari.HikariDataSource - HikariPool-2 - Shutdown initiated...
18:10:26.440 [SpringApplicationShutdownHook] INFO  com.zaxxer.hikari.HikariDataSource - HikariPool-2 - Shutdown completed.
18:10:56.842 [restartedMain] INFO  c.l.stockwatch.StockwatchApplication - Starting StockwatchApplication using Java 17.0.6 with PID 12468 (C:\Users\Administrator\Desktop\stockwatch\target\classes started by Likhith in C:\Users\Administrator\Desktop\stockwatch)
18:10:56.843 [restartedMain] DEBUG c.l.stockwatch.StockwatchApplication - Running with Spring Boot v3.1.5, Spring v6.0.13
18:10:56.844 [restartedMain] INFO  c.l.stockwatch.StockwatchApplication - No active profile set, falling back to 1 default profile: "default"
18:10:56.899 [restartedMain] INFO  o.s.b.d.e.DevToolsPropertyDefaultsPostProcessor - Devtools property defaults active! Set 'spring.devtools.add-properties' to 'false' to disable
18:10:56.900 [restartedMain] INFO  o.s.b.d.e.DevToolsPropertyDefaultsPostProcessor - For additional web related logging consider setting the 'logging.level.web' property to 'DEBUG'
18:10:57.789 [restartedMain] INFO  o.s.d.r.c.RepositoryConfigurationDelegate - Bootstrapping Spring Data JPA repositories in DEFAULT mode.
18:10:57.840 [restartedMain] INFO  o.s.d.r.c.RepositoryConfigurationDelegate - Finished Spring Data repository scanning in 43 ms. Found 1 JPA repository interfaces.
18:10:58.464 [restartedMain] INFO  o.s.b.w.e.tomcat.TomcatWebServer - Tomcat initialized with port(s): 8085 (http)
18:10:58.472 [restartedMain] INFO  o.a.catalina.core.StandardService - Starting service [Tomcat]
18:10:58.472 [restartedMain] INFO  o.a.catalina.core.StandardEngine - Starting Servlet engine: [Apache Tomcat/10.1.15]
18:10:58.541 [restartedMain] INFO  o.a.c.c.C.[Tomcat].[localhost].[/] - Initializing Spring embedded WebApplicationContext
18:10:58.541 [restartedMain] INFO  o.s.b.w.s.c.ServletWebServerApplicationContext - Root WebApplicationContext: initialization completed in 1641 ms
18:10:58.621 [restartedMain] INFO  com.zaxxer.hikari.HikariDataSource - HikariPool-1 - Starting...
18:10:58.799 [restartedMain] INFO  com.zaxxer.hikari.pool.HikariPool - HikariPool-1 - Added connection conn0: url=jdbc:h2:mem:stockmarketdetails user=ROOT
18:10:58.802 [restartedMain] INFO  com.zaxxer.hikari.HikariDataSource - HikariPool-1 - Start completed.
18:10:58.817 [restartedMain] INFO  o.s.b.a.h.H2ConsoleAutoConfiguration - H2 console available at '/h2-console'. Database available at 'jdbc:h2:mem:stockmarketdetails'
18:10:58.957 [restartedMain] INFO  o.h.jpa.internal.util.LogHelper - HHH000204: Processing PersistenceUnitInfo [name: default]
18:10:59.016 [restartedMain] INFO  org.hibernate.Version - HHH000412: Hibernate ORM core version 6.2.13.Final
18:10:59.019 [restartedMain] INFO  org.hibernate.cfg.Environment - HHH000406: Using bytecode reflection optimizer
18:10:59.268 [restartedMain] INFO  o.s.o.j.p.SpringPersistenceUnitInfo - No LoadTimeWeaver setup: ignoring JPA class transformer
18:11:00.056 [restartedMain] INFO  o.h.e.t.j.p.i.JtaPlatformInitiator - HHH000489: No JTA platform available (set 'hibernate.transaction.jta.platform' to enable JTA platform integration)
18:11:00.090 [restartedMain] INFO  o.s.o.j.LocalContainerEntityManagerFactoryBean - Initialized JPA EntityManagerFactory for persistence unit 'default'
18:11:00.485 [restartedMain] WARN  o.s.b.a.o.j.JpaBaseConfiguration$JpaWebConfiguration - spring.jpa.open-in-view is enabled by default. Therefore, database queries may be performed during view rendering. Explicitly configure spring.jpa.open-in-view to disable this warning
18:11:01.583 [restartedMain] INFO  o.s.b.d.a.OptionalLiveReloadServer - LiveReload server is running on port 35729
18:11:01.589 [restartedMain] INFO  o.s.b.a.e.web.EndpointLinksResolver - Exposing 1 endpoint(s) beneath base path '/actuator'
18:11:01.660 [restartedMain] INFO  o.s.b.w.e.tomcat.TomcatWebServer - Tomcat started on port(s): 8085 (http) with context path ''
18:11:01.676 [restartedMain] INFO  c.l.stockwatch.StockwatchApplication - Started StockwatchApplication in 5.204 seconds (process running for 5.837)
18:13:31.560 [http-nio-8085-exec-1] INFO  o.a.c.c.C.[Tomcat].[localhost].[/] - Initializing Spring DispatcherServlet 'dispatcherServlet'
18:13:31.561 [http-nio-8085-exec-1] INFO  o.s.web.servlet.DispatcherServlet - Initializing Servlet 'dispatcherServlet'
18:13:31.562 [http-nio-8085-exec-1] INFO  o.s.web.servlet.DispatcherServlet - Completed initialization in 1 ms
18:13:53.266 [http-nio-8085-exec-10] INFO  o.s.api.AbstractOpenApiResource - Init duration for springdoc-openapi is: 460 ms
18:14:13.463 [http-nio-8085-exec-8] DEBUG c.l.s.c.StockWatchController - Called Post API to add Stock details for payload StockDetails(id=null, stockName=Likhith, stockSymbol=IASA, currencyType=Peso, currentPrice=4899.02, highOf52weeks=2649.4, lowOf52weeks=2780.91)
18:14:13.467 [http-nio-8085-exec-8] INFO  c.l.s.c.StockWatchController -  Post API call to add Stock details for company Likhith
18:14:13.467 [http-nio-8085-exec-8] INFO  c.l.s.service.StockWatchServiceImpl - Started executing method to save data to DB
18:14:13.649 [http-nio-8085-exec-8] INFO  c.l.s.service.StockWatchServiceImpl - End of method execution save data to DB
18:14:38.515 [http-nio-8085-exec-7] INFO  c.l.s.c.StockWatchController - Called API to get stock of the company IASA
18:14:38.515 [http-nio-8085-exec-7] INFO  c.l.s.service.StockWatchServiceImpl - Started executing method to get stock details from its symbol IASA
18:14:38.791 [http-nio-8085-exec-7] INFO  c.l.s.service.StockWatchServiceImpl - End of method execution to get stock details from its symbol IASA
18:16:21.189 [http-nio-8085-exec-10] INFO  c.l.s.c.StockWatchController - API call to get all stock for offset value 0 having page size 100
18:16:21.189 [http-nio-8085-exec-10] INFO  c.l.s.service.StockWatchServiceImpl - Executing method to get stock details by pagination for page size 100 and offset 0
